# Activity Log

## Run Summary
- 2026-04-13 00:59:58 | run=20260413-004709-513536 | iter=2 | mode=build | story=S3 | duration=320s | status=success
- 2026-04-13 00:54:36 | run=20260413-004709-513536 | iter=1 | mode=build | story=S2 | duration=447s | status=success
- 2026-04-13 00:46:18 | run=20260413-004018-509304 | iter=1 | mode=build | story=S1 | duration=360s | status=success

## Events

[2026-04-13 00:40:18] ITERATION 1 start (mode=build story=S1)
[2026-04-13 00:42:19] S1 implementation plan: add defensive iteration contract schemas in packages/contracts, cover with tests, and document stage/input/output/failure semantics
[2026-04-13 00:44:21] Completed S1 verification: contracts tests passed, workspace build passed, workspace tests passed, root lint failed on existing generated Prisma ESLint config issue
[2026-04-13 00:44:58] Implemented S1 defensive loop contract: added shared schemas, deterministic contract metadata, tests, and operator-facing documentation
[2026-04-13 00:45:50] Updated S1 progress log with commit aec4f098, verification results, and future-iteration notes
[2026-04-13 00:46:18] ITERATION 1 end (duration=360s)
[2026-04-13 00:47:09] ITERATION 1 start (mode=build story=S2)
[2026-04-13 00:49:39] S2 plan set: implement deterministic prioritization model in contracts, preserve prioritization output in iteration records, update docs/tests, and verify workspace build/tests.
[2026-04-13 00:52:21] Implemented major S2 code changes: added deterministic defensive prioritization schemas/function, wired prioritization into iteration records, and updated operator-facing docs/tests.
[2026-04-13 00:53:00] Completed S2 verification: contracts tests/build passed, workspace build passed, workspace tests passed, and root lint still fails on existing generated Prisma ESLint typed-lint issue.
[2026-04-13 00:54:14] Updated S2 progress log with commit 9abefdfd, verification results, and prioritization-model notes for future iterations.
[2026-04-13 00:54:36] ITERATION 1 end (duration=447s)
[2026-04-13 00:54:38] ITERATION 2 start (mode=build story=S3)
[2026-04-13 00:58:04] Implemented major S3 code changes: added bounded hardening execution schemas/helper, blocked unsafe or ambiguous mitigations, and updated defensive-loop docs/tests.
[2026-04-13 00:59:46] Updated S3 progress log and run summary with commit 1bff66a1, verification results, and bounded-hardening execution notes.
[2026-04-13 00:59:46] Completed S3 verification: contracts tests/build passed, workspace build/tests passed, and root lint still fails on the existing generated Prisma ESLint typed-lint issue.
[2026-04-13 00:59:58] ITERATION 2 end (duration=320s)
[2026-04-13 01:00:00] ITERATION 3 start (mode=build story=S4)
[2026-04-13 01:06:00] Implemented major S4 code changes: added explicit issue outcomes, final outcome, carry-forward state, and updated defensive-loop docs/tests for evidence and residual-risk recording.
[2026-04-13 01:04:23] Completed S4 verification: contracts tests/build passed, workspace build/tests passed, root lint still fails on the existing generated Prisma ESLint typed-lint issue, and frontend build emitted an existing chunk-size warning only.
